2020-06-15 01:37:54.078 [main] DEBUG io.github.bonigarcia.wdm.Preferences - Preference chrome=83 (valid until 2020-06-16 00:30:43)
2020-06-15 01:37:54.082 [main] DEBUG io.github.bonigarcia.wdm.Preferences - Preference chrome83=83.0.4103.39 (valid until 2020-06-16 00:30:44)
2020-06-15 01:37:54.083 [main] INFO  io.github.bonigarcia.wdm.WebDriverManager - Using chromedriver 83.0.4103.39 (since Google Chrome 83 is installed in your machine)
2020-06-15 01:37:54.095 [main] DEBUG io.github.bonigarcia.wdm.WebDriverManager - Driver chromedriver 83.0.4103.39 found in cache
2020-06-15 01:37:54.096 [main] INFO  io.github.bonigarcia.wdm.WebDriverManager - Exporting webdriver.chrome.driver as C:\Users\user\.m2\repository\webdriver\chromedriver\win32\83.0.4103.39\chromedriver.exe
2020-06-15 01:37:58.565 [main] INFO  ContactUsFormTest - Adding one english book to cart test
2020-06-15 01:38:01.947 [main] INFO  pages.BasePage - Clicking element with xpath: //div[contains(text(), 'Amanda')]
2020-06-15 01:38:03.538 [main] INFO  pages.BasePage - Clicking element with xpath: //button[@name='add']
2020-06-15 01:38:08.322 [main] INFO  pages.BasePage - Clicking element with xpath: (//p/a[text()='Remove'])[1]
2020-06-15 01:38:16.278 [main] INFO  ContactUsFormTest - Adding three printed english books to cart test
2020-06-15 01:38:18.142 [main] INFO  pages.BasePage - Clicking element with xpath: //div[contains(text(), 'Amanda')]
2020-06-15 01:38:19.246 [main] INFO  pages.BasePage - Clicking element with xpath: //button[@name='add']
2020-06-15 01:38:23.562 [main] INFO  pages.BasePage - Clicking element with xpath: //div[contains(text(), 'I Love to Eat Fruits')]
2020-06-15 01:38:25.233 [main] INFO  pages.BasePage - Clicking element with xpath: //button[@name='add']
2020-06-15 01:38:29.194 [main] INFO  pages.BasePage - Clicking element with xpath: //div[contains(text(), 'I Love to Brush My Teeth')]
2020-06-15 01:38:30.679 [main] INFO  pages.BasePage - Clicking element with xpath: //button[@name='add']
2020-06-15 01:38:34.543 [main] INFO  pages.BasePage - Clicking element with xpath: (//p/a[text()='Remove'])[1]
2020-06-15 01:38:36.656 [main] INFO  pages.BasePage - Clicking element with xpath: (//p/a[text()='Remove'])[1]
2020-06-15 01:38:38.615 [main] INFO  pages.BasePage - Clicking element with xpath: (//p/a[text()='Remove'])[1]
2020-06-15 01:38:47.533 [main] INFO  ContactUsFormTest - Adding books in tree languages to cart test
2020-06-15 01:38:51.890 [main] INFO  pages.BasePage - Clicking element with xpath: //div[contains(text(), 'Amanda')]
2020-06-15 01:38:53.339 [main] INFO  pages.BasePage - Clicking element with xpath: //button[@name='add']
2020-06-15 01:38:57.431 [main] INFO  pages.BasePage - Clicking element with xpath: //div[contains(text(), 'I Love Autumn') and contains(text(), 'Book in Spanish')]
2020-06-15 01:38:59.491 [main] INFO  pages.BasePage - Clicking element with xpath: //button[@name='add']
2020-06-15 01:39:03.709 [main] INFO  pages.BasePage - Clicking element with xpath: //div[contains(text(), 'I Love to Sleep')]
2020-06-15 01:39:06.628 [main] INFO  pages.BasePage - Clicking element with xpath: //button[@name='add']
2020-06-15 01:39:09.292 [main] INFO  pages.BasePage - Clicking element with xpath: (//p/a[text()='Remove'])[1]
2020-06-15 01:39:11.830 [main] INFO  pages.BasePage - Clicking element with xpath: (//p/a[text()='Remove'])[1]
2020-06-15 01:39:13.374 [main] INFO  pages.BasePage - Clicking element with xpath: (//p/a[text()='Remove'])[1]
2020-06-15 01:39:21.896 [main] INFO  ContactUsFormTest - Adding one printed and one electronic english books to cart test
2020-06-15 01:39:23.558 [main] INFO  pages.BasePage - Clicking element with xpath: //div[contains(text(), 'Amanda')]
2020-06-15 01:39:27.864 [main] INFO  pages.BasePage - Clicking element with xpath: //button[@name='add']
2020-06-15 01:39:32.781 [main] INFO  pages.BasePage - Clicking element with xpath: //div[contains(text(), 'Goodnight, My Love')]
2020-06-15 01:39:34.421 [main] INFO  pages.BasePage - Clicking element with xpath: //button[@name='add']
2020-06-15 01:39:37.969 [main] INFO  pages.BasePage - Clicking element with xpath: (//p/a[text()='Remove'])[1]
2020-06-15 01:39:39.269 [main] INFO  pages.BasePage - Clicking element with xpath: (//p/a[text()='Remove'])[1]
2020-06-15 01:39:47.701 [main] INFO  ContactUsFormTest - Adding the same english book in paperback and hardcover to cart test
2020-06-15 01:39:49.198 [main] INFO  pages.BasePage - Clicking element with xpath: //div[contains(text(), 'Amanda')]
2020-06-15 01:39:50.340 [main] INFO  pages.BasePage - Clicking element with xpath: //button[@name='add']
2020-06-15 01:39:52.457 [main] INFO  pages.BasePage - Clicking element with xpath: //div[contains(text(), 'Amanda')]
2020-06-15 01:39:54.215 [main] INFO  pages.BasePage - Clicking element with xpath: //select[@id='SingleOptionSelector-0']
2020-06-15 01:39:54.358 [main] INFO  pages.BasePage - Clicking element with xpath: //select[@id='SingleOptionSelector-0']/option[text()='Hardcover']
2020-06-15 01:39:54.429 [main] INFO  pages.BasePage - Clicking element with xpath: //button[@name='add']
2020-06-15 01:39:57.957 [main] INFO  pages.BasePage - Clicking element with xpath: (//p/a[text()='Remove'])[1]
2020-06-15 01:40:00.292 [main] INFO  pages.BasePage - Clicking element with xpath: (//p/a[text()='Remove'])[1]
